<?xml version="1.0" encoding="UTF-8"?>
<testsuite name="com.bithumb.interest.repository.InterestRepositoryTest" tests="3" skipped="0" failures="0" errors="0" timestamp="2021-10-06T09:23:49" hostname="jonghyeokui-MacBookAir.local" time="0.076">
  <properties/>
  <testcase name="existsInterestBySymbolAndUserId()" classname="com.bithumb.interest.repository.InterestRepositoryTest" time="0.07"/>
  <testcase name="deleteInterestBySymbolAndUserId()" classname="com.bithumb.interest.repository.InterestRepositoryTest" time="0.002"/>
  <testcase name="findByUserId()" classname="com.bithumb.interest.repository.InterestRepositoryTest" time="0.001"/>
  <system-out><![CDATA[]]></system-out>
  <system-err><![CDATA[]]></system-err>
</testsuite>
